  [1m[35m (46.9ms)[0m  [1m[35mCREATE TABLE `schema_migrations` (`version` varchar(255) PRIMARY KEY) ENGINE=InnoDB[0m
  [1m[35m (46.9ms)[0m  [1m[35mCREATE TABLE `ar_internal_metadata` (`key` varchar(255) PRIMARY KEY, `value` varchar(255), `created_at` datetime NOT NULL, `updated_at` datetime NOT NULL) ENGINE=InnoDB[0m
  [1m[35m (0.0ms)[0m  [1m[34mSELECT DATABASE() as db[0m
  [1m[35m (0.0ms)[0m  [1m[34mSELECT GET_LOCK('6943363954396776060', 0);[0m
  [1m[36mActiveRecord::SchemaMigration Load (0.0ms)[0m  [1m[34mSELECT `schema_migrations`.* FROM `schema_migrations`[0m
Migrating to CreateStatuses (20170521160824)
  [1m[35m (46.9ms)[0m  [1m[35mCREATE TABLE `statuses` (`id` int AUTO_INCREMENT PRIMARY KEY, `StatusID` int, `Bezeichnung` varchar(255), `EintragErstelltAm` datetime, `EintragErstelltVon` varchar(255), `EintragGeaendertAm` datetime, `EintragGeandertVon` varchar(255), `created_at` datetime NOT NULL, `updated_at` datetime NOT NULL) ENGINE=InnoDB[0m
  [1m[35m (0.0ms)[0m  [1m[35mBEGIN[0m
  [1m[35mSQL (15.6ms)[0m  [1m[32mINSERT INTO `schema_migrations` (`version`) VALUES ('20170521160824')[0m
  [1m[35m (0.0ms)[0m  [1m[35mCOMMIT[0m
Migrating to CreateTours (20170521180842)
  [1m[35m (62.5ms)[0m  [1m[35mCREATE TABLE `tours` (`id` int AUTO_INCREMENT PRIMARY KEY, `Bezeichnung` varchar(255), `MaxTeilnehmer` int, `Preis` float, `TourStartDatum` datetime, `TourEndeDatum` datetime, `EintragErstelltVon` varchar(255), `EintragGeaendertVon` varchar(255), `SyncedFrom` int, `created_at` datetime NOT NULL, `updated_at` datetime NOT NULL) ENGINE=InnoDB[0m
  [1m[35m (0.0ms)[0m  [1m[35mBEGIN[0m
  [1m[35mSQL (0.0ms)[0m  [1m[32mINSERT INTO `schema_migrations` (`version`) VALUES ('20170521180842')[0m
  [1m[35m (0.0ms)[0m  [1m[35mCOMMIT[0m
  [1m[36mActiveRecord::InternalMetadata Load (0.0ms)[0m  [1m[34mSELECT  `ar_internal_metadata`.* FROM `ar_internal_metadata` WHERE `ar_internal_metadata`.`key` = 'environment' LIMIT 1[0m
  [1m[35m (0.0ms)[0m  [1m[35mBEGIN[0m
  [1m[35mSQL (15.6ms)[0m  [1m[32mINSERT INTO `ar_internal_metadata` (`key`, `value`, `created_at`, `updated_at`) VALUES ('environment', 'development', '2017-05-21 18:15:16', '2017-05-21 18:15:16')[0m
  [1m[35m (0.0ms)[0m  [1m[35mCOMMIT[0m
  [1m[35m (0.0ms)[0m  [1m[34mSELECT RELEASE_LOCK('6943363954396776060')[0m
  [1m[36mActiveRecord::SchemaMigration Load (0.0ms)[0m  [1m[34mSELECT `schema_migrations`.* FROM `schema_migrations`[0m
  [1m[35m (0.0ms)[0m  [1m[35mSHOW CREATE TABLE `statuses`[0m
  [1m[35m (0.0ms)[0m  [1m[35mSHOW TABLE STATUS LIKE 'statuses'[0m
  [1m[35m (0.0ms)[0m  [1m[35mSHOW CREATE TABLE `tours`[0m
  [1m[35m (0.0ms)[0m  [1m[35mSHOW TABLE STATUS LIKE 'tours'[0m
